--------------------
./configure --help
Friday 23 June 2023 03:22:33 PM IST
usage:
  configure [--const] [--zprefix] [--prefix=PREFIX]  [--eprefix=EXPREFIX]
    [--static] [--64] [--libdir=LIBDIR] [--sharedlibdir=LIBDIR]
    [--includedir=INCLUDEDIR] [--archs="-arch i386 -arch x86_64"]
--------------------
./configure CC=arm-linux-gnueabi-gcc--prefix=/home/saravanan/dd_task/rootfs/usr/local
Friday 23 June 2023 03:37:10 PM IST
unknown option: CC=arm-linux-gnueabi-gcc--prefix=/home/saravanan/dd_task/rootfs/usr/local
./configure --help for help
** ./configure aborting.
--------------------


--------------------
./configure --prefix=/home/saravanan/dd_task/rootfs/usr/local
Friday 23 June 2023 03:40:27 PM IST
=== ztest16592.c ===
extern int getchar();
int hello() {return getchar();}
===
arm-linux-gnueabi-gcc -c ztest16592.c
... using gcc

Checking for obsessive-compulsive compiler options...
=== ztest16592.c ===
int foo() { return 0; }
===
arm-linux-gnueabi-gcc -c -O3 ztest16592.c

Checking for shared library support...
=== ztest16592.c ===
extern int getchar();
int hello() {return getchar();}
===
arm-linux-gnueabi-gcc -w -c -O3 -fPIC ztest16592.c
arm-linux-gnueabi-gcc -shared -Wl,-soname,libz.so.1,--version-script,zlib.map -O3 -fPIC -o ztest16592.so ztest16592.o
Building shared library libz.so.1.2.13 with arm-linux-gnueabi-gcc.

=== ztest16592.c ===
#include <stdio.h>
#include <stdlib.h>
size_t dummy = 0;
===
arm-linux-gnueabi-gcc -c -O3 ztest16592.c
Checking for size_t... Yes.

=== ztest16592.c ===
#include <sys/types.h>
off64_t dummy = 0;
===
arm-linux-gnueabi-gcc -c -O3 -D_LARGEFILE64_SOURCE=1 ztest16592.c
Checking for off64_t... Yes.
Checking for fseeko... Yes.

=== ztest16592.c ===
#include <string.h>
#include <errno.h>
int main() { return strlen(strerror(errno)); }
===
arm-linux-gnueabi-gcc -O3 -D_LARGEFILE64_SOURCE=1 -o ztest16592 ztest16592.c
Checking for strerror... Yes.

=== ztest16592.c ===
#include <unistd.h>
int main() { return 0; }
===
arm-linux-gnueabi-gcc -c -O3 -D_LARGEFILE64_SOURCE=1 ztest16592.c
Checking for unistd.h... Yes.

=== ztest16592.c ===
#include <stdarg.h>
int main() { return 0; }
===
arm-linux-gnueabi-gcc -c -O3 -D_LARGEFILE64_SOURCE=1 ztest16592.c
Checking for stdarg.h... Yes.

=== ztest16592.c ===
#include <stdio.h>
#include <stdarg.h>
#include "zconf.h"
int main()
{
#ifndef STDC
  choke me
#endif
  return 0;
}
===
arm-linux-gnueabi-gcc -c -O3 -D_LARGEFILE64_SOURCE=1 ztest16592.c
Checking whether to use vs[n]printf() or s[n]printf()... using vs[n]printf().

=== ztest16592.c ===
#include <stdio.h>
#include <stdarg.h>
int mytest(const char *fmt, ...)
{
  char buf[20];
  va_list ap;
  va_start(ap, fmt);
  vsnprintf(buf, sizeof(buf), fmt, ap);
  va_end(ap);
  return 0;
}
int main()
{
  return (mytest("Hello%d\n", 1));
}
===
arm-linux-gnueabi-gcc -O3 -D_LARGEFILE64_SOURCE=1 -o ztest16592 ztest16592.c
Checking for vsnprintf() in stdio.h... Yes.

=== ztest16592.c ===
#include <stdio.h>
#include <stdarg.h>
int mytest(const char *fmt, ...)
{
  int n;
  char buf[20];
  va_list ap;
  va_start(ap, fmt);
  n = vsnprintf(buf, sizeof(buf), fmt, ap);
  va_end(ap);
  return n;
}
int main()
{
  return (mytest("Hello%d\n", 1));
}
===
arm-linux-gnueabi-gcc -c -O3 -D_LARGEFILE64_SOURCE=1 ztest16592.c
Checking for return value of vsnprintf()... Yes.

=== ztest16592.c ===
#define ZLIB_INTERNAL __attribute__((visibility ("hidden")))
int ZLIB_INTERNAL foo;
int main()
{
  return 0;
}
===
arm-linux-gnueabi-gcc -c -O3 -D_LARGEFILE64_SOURCE=1 ztest16592.c
Checking for attribute(visibility) support... Yes.

ALL = static shared all64
AR = ar
ARFLAGS = rc
CC = arm-linux-gnueabi-gcc
CFLAGS = -O3 -D_LARGEFILE64_SOURCE=1 -DHAVE_HIDDEN
CPP =
EXE =
LDCONFIG = ldconfig
LDFLAGS =
LDSHARED = arm-linux-gnueabi-gcc -shared -Wl,-soname,libz.so.1,--version-script,zlib.map
LDSHAREDLIBC = -lc
OBJC = $(OBJZ) $(OBJG)
PIC_OBJC = $(PIC_OBJZ) $(PIC_OBJG)
RANLIB = ranlib
SFLAGS = -O3 -fPIC -D_LARGEFILE64_SOURCE=1 -DHAVE_HIDDEN
SHAREDLIB = libz.so
SHAREDLIBM = libz.so.1
SHAREDLIBV = libz.so.1.2.13
STATICLIB = libz.a
TEST = all teststatic testshared test64
VER = 1.2.13
SRCDIR =
exec_prefix = ${prefix}
includedir = ${prefix}/include
libdir = ${exec_prefix}/lib
mandir = ${prefix}/share/man
prefix = /home/saravanan/dd_task/rootfs/usr/local
sharedlibdir = ${libdir}
uname = Linux
--------------------


